<?xml version="1.0" encoding="UTF-8"?>
<!-- Generated by org.testng.reporters.JUnitReportReporter -->
<testsuite hostname="DESKTOP-3DIQP3L" failures="0" tests="9" name="testNG.SignUpTest" time="157.011" errors="0" timestamp="2022-04-01T11:13:22 EEST" skipped="0">
  <testcase classname="testNG.SignUpTest" name="EmptyInputTest" time="18.836"/>
  <system-out/>
  <testcase classname="testNG.SignUpTest" name="FormatFirstName" time="17.805"/>
  <system-out/>
  <testcase classname="testNG.SignUpTest" name="FormatLastName" time="15.639"/>
  <system-out/>
  <testcase classname="testNG.SignUpTest" name="EmailFormatTest" time="19.670"/>
  <system-out/>
  <testcase classname="testNG.SignUpTest" name="PasswordFormatTest" time="16.989"/>
  <system-out/>
  <testcase classname="testNG.SignUpTest" name="PasswordConfirmFormatTest" time="18.742"/>
  <system-out/>
  <testcase classname="testNG.SignUpTest" name="PasswordFieldTest" time="18.965"/>
  <system-out/>
  <testcase classname="testNG.SignUpTest" name="ValidRegistrationTest" time="13.828"/>
  <system-out/>
  <testcase classname="testNG.SignUpTest" name="TestLogInLink" time="16.537"/>
  <system-out/>
</testsuite> <!-- testNG.SignUpTest -->
